<?xml version="1.0" encoding="UTF-8"?>
<!-- Generated by org.testng.reporters.JUnitReportReporter -->
<testsuite hostname="LAPTOP-CL407034" failures="0" tests="1" name="Session04.CheckForValidResponse" time="4.114" errors="0" timestamp="2025-07-11T13:16:43 IST" skipped="0">
  <testcase classname="Session04.CheckForValidResponse" name="GetsingleUser" time="4.114"/>
</testsuite> <!-- Session04.CheckForValidResponse -->
