<?xml version="1.0" encoding="UTF-8"?>
<!-- Generated by org.testng.reporters.JUnitReportReporter -->
<testsuite hostname="LAPTOP-CL407034" failures="0" tests="1" name="Session03.Test_PostMethod" time="2.390" errors="0" timestamp="2025-07-09T12:41:19 IST" skipped="0">
  <testcase classname="Session03.Test_PostMethod" name="test03" time="2.390"/>
</testsuite> <!-- Session03.Test_PostMethod -->
